==1010== Memcheck, a memory error detector
==1010== Copyright (C) 2002-2017, and GNU GPL'd, by Julian Seward et al.
==1010== Using Valgrind-3.13.0 and LibVEX; rerun with -h for copyright info
==1010== Command: ./imath falls_1.ppm
==1010== 
Elapsed time : 1.309 seconds
==1010== 
==1010== HEAP SUMMARY:
==1010==     in use at exit: 192 bytes in 4 blocks
==1010==   total heap usage: 15 allocs, 11 frees, 4,680,272 bytes allocated
==1010== 
==1010== LEAK SUMMARY:
==1010==    definitely lost: 192 bytes in 4 blocks
==1010==    indirectly lost: 0 bytes in 0 blocks
==1010==      possibly lost: 0 bytes in 0 blocks
==1010==    still reachable: 0 bytes in 0 blocks
==1010==         suppressed: 0 bytes in 0 blocks
==1010== Rerun with --leak-check=full to see details of leaked memory
==1010== 
==1010== For counts of detected and suppressed errors, rerun with: -v
==1010== ERROR SUMMARY: 0 errors from 0 contexts (suppressed: 0 from 0)
